{"name":"User click on the \"TRAVELLERS & CABIN Drop down\"","status":"failed","statusDetails":{"known":false,"muted":false,"flaky":false,"message":"expected:<FAILED> but was:<PASSED>","trace":"java.lang.AssertionError: expected:<FAILED> but was:<PASSED>\n\tat org.junit.Assert.fail(Assert.java:89)\n\tat org.junit.Assert.failNotEquals(Assert.java:835)\n\tat org.junit.Assert.assertEquals(Assert.java:120)\n\tat org.junit.Assert.assertEquals(Assert.java:146)\n\tat testcases_stepdef.Steps.user_click_on_the_something(Steps.java:114)\n\tat âœ½.User click on the \"TRAVELLERS & CABIN Drop down\"(file:///home/runner/work/cucumberdatadrivenAllureReport/cucumberdatadrivenAllureReport/src/test/java/features/BPM_SastaSafar_Web.feature:18)\n"},"stage":"finished","steps":[],"attachments":[],"parameters":[],"start":1676057499535,"stop":1676057505424,"uuid":"197b42a7-2cc1-4782-9b94-3f02673a2926","historyId":"6a99378c410ee4356a7cf59737cd25ea","fullName":"Find flight process.User click on the \"TRAVELLERS & CABIN Drop down\"","labels":[{"name":"package","value":""},{"name":"testClass","value":"Find flight process"},{"name":"testMethod","value":"User click on the \"TRAVELLERS & CABIN Drop down\""},{"name":"suite","value":"Find flight process"},{"name":"host","value":"fv-az251-307"},{"name":"thread","value":"2276@fv-az251-307.main(1)"},{"name":"framework","value":"junit4"},{"name":"language","value":"java"}],"links":[]}