<?xml version="1.0" encoding="UTF-8"?>
<testsuite xmlns:xsi="http://www.w3.org/2001/XMLSchema-instance" xsi:noNamespaceSchemaLocation="https://maven.apache.org/surefire/maven-surefire-plugin/xsd/surefire-test-report.xsd" name="runner.RunTest" time="78.241" tests="10" errors="0" skipped="0" failures="0">
  <properties>
[...]
</properties>
  <testcase name="User refer the &quot;BPM_SastaSafar_Web.xlsx&quot;" classname="Ways of booking tickets for trip Packages #1" time="0.016"/>
  <testcase name="Verify the &quot;Home page&quot; with &quot;Home_Page_Title&quot; from given sheet &quot;TestData&quot;" classname="Ways of booking tickets for trip Packages #1" time="4.109"/>
  <testcase name="User click on the &quot;PACKAGES tab&quot;" classname="Ways of booking tickets for trip Packages #1" time="11.042"/>
  <testcase name="Verify the &quot;packages home page&quot; with &quot;packages home page title&quot; from given sheet &quot;TestData&quot;" classname="Ways of booking tickets for trip Packages #1" time="2.748"/>
  <testcase name="Ways of booking tickets for trip Packages #1" classname="Ways of booking tickets for trip Packages #1" time="12.975"/>
  <testcase name="User refer the &quot;BPM_SastaSafar_Web.xlsx&quot;" classname="Ways of booking tickets for trip Packages #2" time="0"/>
  <testcase name="Verify the &quot;Home page&quot; with &quot;Home_Page_Title&quot; from given sheet &quot;TestData&quot;" classname="Ways of booking tickets for trip Packages #2" time="2.603"/>
  <testcase name="User click on the &quot;PACKAGES tab&quot;" classname="Ways of booking tickets for trip Packages #2" time="9.701"/>
  <testcase name="Verify the &quot;packages home page&quot; with &quot;packages home page title&quot; from given sheet &quot;TestData&quot;" classname="Ways of booking tickets for trip Packages #2" time="2.361"/>
  <testcase name="Ways of booking tickets for trip Packages #2" classname="Ways of booking tickets for trip Packages #2" time="12.636"/>
</testsuite>