<?xml version="1.0" encoding="UTF-8"?>
<testng-results skipped="0" failed="0" total="1" passed="1">
  <reporter-output>
  </reporter-output>
  <suite name="Default suite" duration-ms="21960" started-at="2021-05-24T15:14:26Z" finished-at="2021-05-24T15:14:48Z">
    <groups>
    </groups>
    <test name="Default test" duration-ms="21960" started-at="2021-05-24T15:14:26Z" finished-at="2021-05-24T15:14:48Z">
      <class name="BaseClass.test">
        <test-method status="PASS" signature="setup()[pri:0, instance:BaseClass.test@55d56113]" name="setup" duration-ms="21942" started-at="2021-05-24T20:44:26Z" finished-at="2021-05-24T20:44:48Z">
          <reporter-output>
          </reporter-output>
        </test-method> <!-- setup -->
      </class> <!-- BaseClass.test -->
    </test> <!-- Default test -->
  </suite> <!-- Default suite -->
</testng-results>
